<?xml version="1.0" encoding="UTF-8"?>
<testng-results ignored="0" total="1" passed="1" failed="0" skipped="0">
  <reporter-output>
  </reporter-output>
  <suite started-at="2022-01-25T10:52:57Z" name="Default suite" finished-at="2022-01-25T10:52:57Z" duration-ms="45">
    <groups>
    </groups>
    <test started-at="2022-01-25T10:52:57Z" name="Default test" finished-at="2022-01-25T10:52:57Z" duration-ms="45">
      <class name="demo_java">
        <test-method signature="dem()[pri:0, instance:demo_java@18e36d14]" started-at="2022-01-25T10:52:57Z" name="dem" finished-at="2022-01-25T10:52:57Z" duration-ms="12" status="PASS">
          <reporter-output>
          </reporter-output>
        </test-method> <!-- dem -->
      </class> <!-- demo_java -->
    </test> <!-- Default test -->
  </suite> <!-- Default suite -->
</testng-results>
